# JRE version: Java(TM) SE Runtime Environment (15.0.2+7) (build 15.0.2+7-27)
# Java VM: Java HotSpot(TM) 64-Bit Server VM (15.0.2+7-27, mixed mode, sharing, tiered, compressed oops, parallel gc, windows-amd64)
GC Precious Log:
 CPUs: 4 total, 4 available
 Memory: 16237M
 Large Page Support: Disabled
 NUMA Support: Disabled
 Compressed Oops: Enabled (32-bit)
 Heap Min Capacity: 100M
 Heap Initial Capacity: 100M
 Heap Max Capacity: 1G
 Pre-touch: Disabled
 Parallel Workers: 4
Heap:
 PSYoungGen      total 35328K, used 17826K [0x00000000eab00000, 0x00000000ee780000, 0x0000000100000000)
  eden space 25600K, 31% used [0x00000000eab00000,0x00000000eb2ec7b8,0x00000000ec400000)
  from space 9728K, 99% used [0x00000000ec400000,0x00000000ecd7c058,0x00000000ecd80000)
  to   space 17408K, 0% used [0x00000000ed680000,0x00000000ed680000,0x00000000ee780000)
 ParOldGen       total 284160K, used 247540K [0x00000000c0000000, 0x00000000d1580000, 0x00000000eab00000)
  object space 284160K, 87% used [0x00000000c0000000,0x00000000cf1bd338,0x00000000d1580000)
 Metaspace       used 50000K, capacity 52458K, committed 52784K, reserved 1095680K
  class space    used 5274K, capacity 6152K, committed 6272K, reserved 1048576K
GC Heap History (20 events):
Event: 15.792 GC heap before
{Heap before GC invocations=127 (full 8):
 PSYoungGen      total 18944K, used 18516K [0x00000000eab00000, 0x00000000ec380000, 0x0000000100000000)
  eden space 13824K, 100% used [0x00000000eab00000,0x00000000eb880000,0x00000000eb880000)
  from space 5120K, 91% used [0x00000000ebe80000,0x00000000ec3150a0,0x00000000ec380000)
  to   space 5632K, 0% used [0x00000000eb880000,0x00000000eb880000,0x00000000ebe00000)
 ParOldGen       total 236544K, used 217079K [0x00000000c0000000, 0x00000000ce700000, 0x00000000eab00000)
  object space 236544K, 91% used [0x00000000c0000000,0x00000000cd3fdc48,0x00000000ce700000)
 Metaspace       used 49529K, capacity 52004K, committed 52144K, reserved 1095680K
  class space    used 5211K, capacity 6086K, committed 6144K, reserved 1048576K
}
Event: 15.796 GC heap after
{Heap after GC invocations=127 (full 8):
 PSYoungGen      total 19456K, used 5615K [0x00000000eab00000, 0x00000000eca00000, 0x0000000100000000)
  eden space 13824K, 0% used [0x00000000eab00000,0x00000000eab00000,0x00000000eb880000)
  from space 5632K, 99% used [0x00000000eb880000,0x00000000ebdfbc70,0x00000000ebe00000)
  to   space 8192K, 0% used [0x00000000ec200000,0x00000000ec200000,0x00000000eca00000)
 ParOldGen       total 236544K, used 218961K [0x00000000c0000000, 0x00000000ce700000, 0x00000000eab00000)
  object space 236544K, 92% used [0x00000000c0000000,0x00000000cd5d47b0,0x00000000ce700000)
 Metaspace       used 49529K, capacity 52004K, committed 52144K, reserved 1095680K
  class space    used 5211K, capacity 6086K, committed 6144K, reserved 1048576K
}
Event: 15.838 GC heap before
{Heap before GC invocations=128 (full 8):
 PSYoungGen      total 19456K, used 19439K [0x00000000eab00000, 0x00000000eca00000, 0x0000000100000000)
  eden space 13824K, 100% used [0x00000000eab00000,0x00000000eb880000,0x00000000eb880000)
  from space 5632K, 99% used [0x00000000eb880000,0x00000000ebdfbc70,0x00000000ebe00000)
  to   space 8192K, 0% used [0x00000000ec200000,0x00000000ec200000,0x00000000eca00000)
 ParOldGen       total 236544K, used 218961K [0x00000000c0000000, 0x00000000ce700000, 0x00000000eab00000)
  object space 236544K, 92% used [0x00000000c0000000,0x00000000cd5d47b0,0x00000000ce700000)
 Metaspace       used 49529K, capacity 52004K, committed 52144K, reserved 1095680K
  class space    used 5211K, capacity 6086K, committed 6144K, reserved 1048576K
}
Event: 15.846 GC heap after
{Heap after GC invocations=128 (full 8):
 PSYoungGen      total 20992K, used 5132K [0x00000000eab00000, 0x00000000ec780000, 0x0000000100000000)
  eden space 15360K, 0% used [0x00000000eab00000,0x00000000eab00000,0x00000000eba00000)
  from space 5632K, 91% used [0x00000000ec200000,0x00000000ec703008,0x00000000ec780000)
  to   space 6144K, 0% used [0x00000000ebb80000,0x00000000ebb80000,0x00000000ec180000)
 ParOldGen       total 236544K, used 222474K [0x00000000c0000000, 0x00000000ce700000, 0x00000000eab00000)
  object space 236544K, 94% used [0x00000000c0000000,0x00000000cd942b20,0x00000000ce700000)
 Metaspace       used 49529K, capacity 52004K, committed 52144K, reserved 1095680K
  class space    used 5211K, capacity 6086K, committed 6144K, reserved 1048576K
}
Event: 15.896 GC heap before
{Heap before GC invocations=129 (full 8):
 PSYoungGen      total 20992K, used 20492K [0x00000000eab00000, 0x00000000ec780000, 0x0000000100000000)
  eden space 15360K, 100% used [0x00000000eab00000,0x00000000eba00000,0x00000000eba00000)
  from space 5632K, 91% used [0x00000000ec200000,0x00000000ec703008,0x00000000ec780000)
  to   space 6144K, 0% used [0x00000000ebb80000,0x00000000ebb80000,0x00000000ec180000)
 ParOldGen       total 236544K, used 222474K [0x00000000c0000000, 0x00000000ce700000, 0x00000000eab00000)
  object space 236544K, 94% used [0x00000000c0000000,0x00000000cd942b20,0x00000000ce700000)
 Metaspace       used 49529K, capacity 52004K, committed 52144K, reserved 1095680K
  class space    used 5211K, capacity 6086K, committed 6144K, reserved 1048576K
}
Event: 15.900 GC heap after
{Heap after GC invocations=129 (full 8):
 PSYoungGen      total 23040K, used 6132K [0x00000000eab00000, 0x00000000ecd80000, 0x0000000100000000)
  eden space 16896K, 0% used [0x00000000eab00000,0x00000000eab00000,0x00000000ebb80000)
  from space 6144K, 99% used [0x00000000ebb80000,0x00000000ec17d2b8,0x00000000ec180000)
  to   space 9216K, 0% used [0x00000000ec480000,0x00000000ec480000,0x00000000ecd80000)
 ParOldGen       total 236544K, used 224594K [0x00000000c0000000, 0x00000000ce700000, 0x00000000eab00000)
  object space 236544K, 94% used [0x00000000c0000000,0x00000000cdb54a88,0x00000000ce700000)
 Metaspace       used 49529K, capacity 52004K, committed 52144K, reserved 1095680K
  class space    used 5211K, capacity 6086K, committed 6144K, reserved 1048576K
}
Event: 15.951 GC heap before
{Heap before GC invocations=130 (full 8):
 PSYoungGen      total 23040K, used 23028K [0x00000000eab00000, 0x00000000ecd80000, 0x0000000100000000)
  eden space 16896K, 100% used [0x00000000eab00000,0x00000000ebb80000,0x00000000ebb80000)
  from space 6144K, 99% used [0x00000000ebb80000,0x00000000ec17d2b8,0x00000000ec180000)
  to   space 9216K, 0% used [0x00000000ec480000,0x00000000ec480000,0x00000000ecd80000)
 ParOldGen       total 236544K, used 224594K [0x00000000c0000000, 0x00000000ce700000, 0x00000000eab00000)
  object space 236544K, 94% used [0x00000000c0000000,0x00000000cdb54a88,0x00000000ce700000)
 Metaspace       used 49529K, capacity 52004K, committed 52144K, reserved 1095680K
  class space    used 5211K, capacity 6086K, committed 6144K, reserved 1048576K
}
Event: 15.957 GC heap after
{Heap after GC invocations=130 (full 8):
 PSYoungGen      total 26112K, used 5999K [0x00000000eab00000, 0x00000000ecb80000, 0x0000000100000000)
  eden space 18944K, 0% used [0x00000000eab00000,0x00000000eab00000,0x00000000ebd80000)
  from space 7168K, 83% used [0x00000000ec480000,0x00000000eca5be58,0x00000000ecb80000)
  to   space 7168K, 0% used [0x00000000ebd80000,0x00000000ebd80000,0x00000000ec480000)
 ParOldGen       total 236544K, used 228517K [0x00000000c0000000, 0x00000000ce700000, 0x00000000eab00000)
  object space 236544K, 96% used [0x00000000c0000000,0x00000000cdf297b0,0x00000000ce700000)
 Metaspace       used 49529K, capacity 52004K, committed 52144K, reserved 1095680K
  class space    used 5211K, capacity 6086K, committed 6144K, reserved 1048576K
}
Event: 16.016 GC heap before
{Heap before GC invocations=131 (full 8):
 PSYoungGen      total 26112K, used 24943K [0x00000000eab00000, 0x00000000ecb80000, 0x0000000100000000)
  eden space 18944K, 100% used [0x00000000eab00000,0x00000000ebd80000,0x00000000ebd80000)
  from space 7168K, 83% used [0x00000000ec480000,0x00000000eca5be58,0x00000000ecb80000)
  to   space 7168K, 0% used [0x00000000ebd80000,0x00000000ebd80000,0x00000000ec480000)
 ParOldGen       total 236544K, used 228517K [0x00000000c0000000, 0x00000000ce700000, 0x00000000eab00000)
  object space 236544K, 96% used [0x00000000c0000000,0x00000000cdf297b0,0x00000000ce700000)
 Metaspace       used 49529K, capacity 52004K, committed 52144K, reserved 1095680K
  class space    used 5211K, capacity 6086K, committed 6144K, reserved 1048576K
}
Event: 16.022 GC heap after
{Heap after GC invocations=131 (full 8):
 PSYoungGen      total 26112K, used 7136K [0x00000000eab00000, 0x00000000ed680000, 0x0000000100000000)
  eden space 18944K, 0% used [0x00000000eab00000,0x00000000eab00000,0x00000000ebd80000)
  from space 7168K, 99% used [0x00000000ebd80000,0x00000000ec4780e0,0x00000000ec480000)
  to   space 11776K, 0% used [0x00000000ecb00000,0x00000000ecb00000,0x00000000ed680000)
 ParOldGen       total 236544K, used 232069K [0x00000000c0000000, 0x00000000ce700000, 0x00000000eab00000)
  object space 236544K, 98% used [0x00000000c0000000,0x00000000ce2a1668,0x00000000ce700000)
 Metaspace       used 49529K, capacity 52004K, committed 52144K, reserved 1095680K
  class space    used 5211K, capacity 6086K, committed 6144K, reserved 1048576K
}
Event: 16.089 GC heap before
{Heap before GC invocations=132 (full 8):
 PSYoungGen      total 26112K, used 26080K [0x00000000eab00000, 0x00000000ed680000, 0x0000000100000000)
  eden space 18944K, 100% used [0x00000000eab00000,0x00000000ebd80000,0x00000000ebd80000)
  from space 7168K, 99% used [0x00000000ebd80000,0x00000000ec4780e0,0x00000000ec480000)
  to   space 11776K, 0% used [0x00000000ecb00000,0x00000000ecb00000,0x00000000ed680000)
 ParOldGen       total 236544K, used 232069K [0x00000000c0000000, 0x00000000ce700000, 0x00000000eab00000)
  object space 236544K, 98% used [0x00000000c0000000,0x00000000ce2a1668,0x00000000ce700000)
 Metaspace       used 49537K, capacity 52004K, committed 52144K, reserved 1095680K
  class space    used 5212K, capacity 6086K, committed 6144K, reserved 1048576K
}
Event: 16.095 GC heap after
{Heap after GC invocations=132 (full 8):
 PSYoungGen      total 28160K, used 7059K [0x00000000eab00000, 0x00000000ed200000, 0x0000000100000000)
  eden space 20992K, 0% used [0x00000000eab00000,0x00000000eab00000,0x00000000ebf80000)
  from space 7168K, 98% used [0x00000000ecb00000,0x00000000ed1e4ea0,0x00000000ed200000)
  to   space 8704K, 0% used [0x00000000ec100000,0x00000000ec100000,0x00000000ec980000)
 ParOldGen       total 236544K, used 236121K [0x00000000c0000000, 0x00000000ce700000, 0x00000000eab00000)
  object space 236544K, 99% used [0x00000000c0000000,0x00000000ce6966b8,0x00000000ce700000)
 Metaspace       used 49537K, capacity 52004K, committed 52144K, reserved 1095680K
  class space    used 5212K, capacity 6086K, committed 6144K, reserved 1048576K
}
Event: 16.095 GC heap before
{Heap before GC invocations=133 (full 9):
 PSYoungGen      total 28160K, used 7059K [0x00000000eab00000, 0x00000000ed200000, 0x0000000100000000)
  eden space 20992K, 0% used [0x00000000eab00000,0x00000000eab00000,0x00000000ebf80000)
  from space 7168K, 98% used [0x00000000ecb00000,0x00000000ed1e4ea0,0x00000000ed200000)
  to   space 8704K, 0% used [0x00000000ec100000,0x00000000ec100000,0x00000000ec980000)
 ParOldGen       total 236544K, used 236121K [0x00000000c0000000, 0x00000000ce700000, 0x00000000eab00000)
  object space 236544K, 99% used [0x00000000c0000000,0x00000000ce6966b8,0x00000000ce700000)
 Metaspace       used 49537K, capacity 52004K, committed 52144K, reserved 1095680K
  class space    used 5212K, capacity 6086K, committed 6144K, reserved 1048576K
}
Event: 16.345 GC heap after
{Heap after GC invocations=133 (full 9):
 PSYoungGen      total 30208K, used 4469K [0x00000000eab00000, 0x00000000ed280000, 0x0000000100000000)
  eden space 23040K, 0% used [0x00000000eab00000,0x00000000eab00000,0x00000000ec180000)
  from space 7168K, 62% used [0x00000000ecb00000,0x00000000ecf5d6f0,0x00000000ed200000)
  to   space 8704K, 0% used [0x00000000ec180000,0x00000000ec180000,0x00000000eca00000)
 ParOldGen       total 284160K, used 236297K [0x00000000c0000000, 0x00000000d1580000, 0x00000000eab00000)
  object space 284160K, 83% used [0x00000000c0000000,0x00000000ce6c2558,0x00000000d1580000)
 Metaspace       used 49537K, capacity 52004K, committed 52144K, reserved 1095680K
  class space    used 5212K, capacity 6086K, committed 6144K, reserved 1048576K
}
Event: 16.497 GC heap before
{Heap before GC invocations=134 (full 9):
 PSYoungGen      total 30208K, used 27509K [0x00000000eab00000, 0x00000000ed280000, 0x0000000100000000)
  eden space 23040K, 100% used [0x00000000eab00000,0x00000000ec180000,0x00000000ec180000)
  from space 7168K, 62% used [0x00000000ecb00000,0x00000000ecf5d6f0,0x00000000ed200000)
  to   space 8704K, 0% used [0x00000000ec180000,0x00000000ec180000,0x00000000eca00000)
 ParOldGen       total 284160K, used 236297K [0x00000000c0000000, 0x00000000d1580000, 0x00000000eab00000)
  object space 284160K, 83% used [0x00000000c0000000,0x00000000ce6c2558,0x00000000d1580000)
 Metaspace       used 49544K, capacity 52004K, committed 52144K, reserved 1095680K
  class space    used 5212K, capacity 6086K, committed 6144K, reserved 1048576K
}
Event: 16.517 GC heap after
{Heap after GC invocations=134 (full 9):
 PSYoungGen      total 31744K, used 8695K [0x00000000eab00000, 0x00000000ed780000, 0x0000000100000000)
  eden space 23040K, 0% used [0x00000000eab00000,0x00000000eab00000,0x00000000ec180000)
  from space 8704K, 99% used [0x00000000ec180000,0x00000000ec9fdea0,0x00000000eca00000)
  to   space 10240K, 0% used [0x00000000ecd80000,0x00000000ecd80000,0x00000000ed780000)
 ParOldGen       total 284160K, used 237107K [0x00000000c0000000, 0x00000000d1580000, 0x00000000eab00000)
  object space 284160K, 83% used [0x00000000c0000000,0x00000000ce78cc70,0x00000000d1580000)
 Metaspace       used 49544K, capacity 52004K, committed 52144K, reserved 1095680K
  class space    used 5212K, capacity 6086K, committed 6144K, reserved 1048576K
}
Event: 16.630 GC heap before
{Heap before GC invocations=135 (full 9):
 PSYoungGen      total 31744K, used 31735K [0x00000000eab00000, 0x00000000ed780000, 0x0000000100000000)
  eden space 23040K, 100% used [0x00000000eab00000,0x00000000ec180000,0x00000000ec180000)
  from space 8704K, 99% used [0x00000000ec180000,0x00000000ec9fdea0,0x00000000eca00000)
  to   space 10240K, 0% used [0x00000000ecd80000,0x00000000ecd80000,0x00000000ed780000)
 ParOldGen       total 284160K, used 237107K [0x00000000c0000000, 0x00000000d1580000, 0x00000000eab00000)
  object space 284160K, 83% used [0x00000000c0000000,0x00000000ce78cc70,0x00000000d1580000)
 Metaspace       used 49547K, capacity 52004K, committed 52144K, reserved 1095680K
  class space    used 5212K, capacity 6086K, committed 6144K, reserved 1048576K
}
Event: 16.637 GC heap after
{Heap after GC invocations=135 (full 9):
 PSYoungGen      total 34816K, used 9384K [0x00000000eab00000, 0x00000000ed700000, 0x0000000100000000)
  eden space 25088K, 0% used [0x00000000eab00000,0x00000000eab00000,0x00000000ec380000)
  from space 9728K, 96% used [0x00000000ecd80000,0x00000000ed6aa180,0x00000000ed700000)
  to   space 9728K, 0% used [0x00000000ec400000,0x00000000ec400000,0x00000000ecd80000)
 ParOldGen       total 284160K, used 241373K [0x00000000c0000000, 0x00000000d1580000, 0x00000000eab00000)
  object space 284160K, 84% used [0x00000000c0000000,0x00000000cebb7520,0x00000000d1580000)
 Metaspace       used 49547K, capacity 52004K, committed 52144K, reserved 1095680K
  class space    used 5212K, capacity 6086K, committed 6144K, reserved 1048576K
}
Event: 16.826 GC heap before
{Heap before GC invocations=136 (full 9):
 PSYoungGen      total 34816K, used 34472K [0x00000000eab00000, 0x00000000ed700000, 0x0000000100000000)
  eden space 25088K, 100% used [0x00000000eab00000,0x00000000ec380000,0x00000000ec380000)
  from space 9728K, 96% used [0x00000000ecd80000,0x00000000ed6aa180,0x00000000ed700000)
  to   space 9728K, 0% used [0x00000000ec400000,0x00000000ec400000,0x00000000ecd80000)
 ParOldGen       total 284160K, used 241373K [0x00000000c0000000, 0x00000000d1580000, 0x00000000eab00000)
  object space 284160K, 84% used [0x00000000c0000000,0x00000000cebb7520,0x00000000d1580000)
 Metaspace       used 49996K, capacity 52394K, committed 52528K, reserved 1095680K
  class space    used 5274K, capacity 6152K, committed 6272K, reserved 1048576K
}
Event: 16.834 GC heap after
{Heap after GC invocations=136 (full 9):
 PSYoungGen      total 35328K, used 9712K [0x00000000eab00000, 0x00000000ee780000, 0x0000000100000000)
  eden space 25600K, 0% used [0x00000000eab00000,0x00000000eab00000,0x00000000ec400000)
  from space 9728K, 99% used [0x00000000ec400000,0x00000000ecd7c058,0x00000000ecd80000)
  to   space 17408K, 0% used [0x00000000ed680000,0x00000000ed680000,0x00000000ee780000)
 ParOldGen       total 284160K, used 247540K [0x00000000c0000000, 0x00000000d1580000, 0x00000000eab00000)
  object space 284160K, 87% used [0x00000000c0000000,0x00000000cf1bd338,0x00000000d1580000)
 Metaspace       used 49996K, capacity 52394K, committed 52528K, reserved 1095680K
  class space    used 5274K, capacity 6152K, committed 6272K, reserved 1048576K
}

